<?xml version="1.0" encoding="UTF-8"?>
<testng-results ignored="0" total="3" passed="3" failed="0" skipped="0">
  <reporter-output>
  </reporter-output>
  <suite started-at="2023-02-15T21:12:21 EST" name="Suite1" finished-at="2023-02-15T21:12:46 EST" duration-ms="24643">
    <groups>
      <group name="cucumber">
        <method signature="AbstractTestNGCucumberTests.runScenario(io.cucumber.testng.PickleWrapper,io.cucumber.testng.FeatureWrapper)[pri:0, instance:runner.TestRunner@6bd61f98]" name="runScenario" class="io.cucumber.testng.AbstractTestNGCucumberTests"/>
      </group> <!-- cucumber -->
    </groups>
    <test started-at="2023-02-15T21:12:21 EST" name="Nopackage" finished-at="2023-02-15T21:12:46 EST" duration-ms="24643">
      <class name="runner.TestRunner">
        <test-method is-config="true" signature="setUpClass(org.testng.ITestContext)[pri:0, instance:runner.TestRunner@6bd61f98]" started-at="2023-02-15T21:12:21 EST" name="setUpClass" finished-at="2023-02-15T21:12:21 EST" duration-ms="261" status="PASS">
          <params>
            <param index="0">
              <value>
                <![CDATA[org.testng.TestRunner@671d1157]]>
              </value>
            </param>
          </params>
          <reporter-output>
          </reporter-output>
        </test-method> <!-- setUpClass -->
        <test-method signature="runScenario(io.cucumber.testng.PickleWrapper,io.cucumber.testng.FeatureWrapper)[pri:0, instance:runner.TestRunner@6bd61f98]" started-at="2023-02-15T21:12:21 EST" name="runScenario" description="Runs Cucumber Scenarios" data-provider="scenarios" finished-at="2023-02-15T21:12:30 EST" duration-ms="9090" status="PASS">
          <params>
            <param index="0">
              <value>
                <![CDATA["searching products on google"]]>
              </value>
            </param>
            <param index="1">
              <value>
                <![CDATA["searching products"]]>
              </value>
            </param>
          </params>
          <reporter-output>
          </reporter-output>
        </test-method> <!-- runScenario -->
        <test-method signature="runScenario(io.cucumber.testng.PickleWrapper,io.cucumber.testng.FeatureWrapper)[pri:0, instance:runner.TestRunner@6bd61f98]" started-at="2023-02-15T21:12:30 EST" name="runScenario" description="Runs Cucumber Scenarios" data-provider="scenarios" finished-at="2023-02-15T21:12:38 EST" duration-ms="7684" status="PASS">
          <params>
            <param index="0">
              <value>
                <![CDATA["searching products on google"]]>
              </value>
            </param>
            <param index="1">
              <value>
                <![CDATA["searching products"]]>
              </value>
            </param>
          </params>
          <reporter-output>
          </reporter-output>
        </test-method> <!-- runScenario -->
        <test-method signature="runScenario(io.cucumber.testng.PickleWrapper,io.cucumber.testng.FeatureWrapper)[pri:0, instance:runner.TestRunner@6bd61f98]" started-at="2023-02-15T21:12:38 EST" name="runScenario" description="Runs Cucumber Scenarios" data-provider="scenarios" finished-at="2023-02-15T21:12:46 EST" duration-ms="7532" status="PASS">
          <params>
            <param index="0">
              <value>
                <![CDATA["searching products on google"]]>
              </value>
            </param>
            <param index="1">
              <value>
                <![CDATA["searching products"]]>
              </value>
            </param>
          </params>
          <reporter-output>
          </reporter-output>
        </test-method> <!-- runScenario -->
        <test-method is-config="true" signature="tearDownClass()[pri:0, instance:runner.TestRunner@6bd61f98]" started-at="2023-02-15T21:12:46 EST" name="tearDownClass" finished-at="2023-02-15T21:12:46 EST" duration-ms="18" status="PASS">
          <reporter-output>
          </reporter-output>
        </test-method> <!-- tearDownClass -->
      </class> <!-- runner.TestRunner -->
    </test> <!-- Nopackage -->
  </suite> <!-- Suite1 -->
</testng-results>
